This file contains any messages produced by compilers while
running configure, to aid debugging if configure makes a mistake.

It was created by Infinium-Methyl configure 1.0.0, which was
generated by GNU Autoconf 2.59.  Invocation command line was

  $ ../configure 

## --------- ##
## Platform. ##
## --------- ##

hostname = ls102.bioinfo.illumina.com
uname -m = x86_64
uname -r = 2.6.9-34.ELsmp
uname -s = Linux
uname -v = #1 SMP Thu Mar 9 06:23:23 GMT 2006

/usr/bin/uname -p = unknown
/bin/uname -X     = unknown

/bin/arch              = x86_64
/usr/bin/arch -k       = unknown
/usr/convex/getsysinfo = unknown
hostinfo               = unknown
/bin/machine           = unknown
/usr/bin/oslevel       = unknown
/bin/universe          = unknown

PATH: .
PATH: /home/share/lzhou/local/bin
PATH: /home/share/lzhou/local/share
PATH: /opt/SUNWappserver/jdk/bin
PATH: /opt/StarTeamCP/bin
PATH: /usr/kerberos/bin
PATH: /usr/local/bin
PATH: /bin
PATH: /usr/bin
PATH: /usr/X11R6/bin


## ----------- ##
## Core tests. ##
## ----------- ##

configure:1352: checking for a BSD-compatible install
configure:1407: result: /usr/bin/install -c
configure:1418: checking whether build environment is sane
configure:1461: result: yes
configure:1526: checking for gawk
configure:1542: found /bin/gawk
configure:1552: result: gawk
configure:1562: checking whether make sets $(MAKE)
configure:1582: result: yes
configure:1802: checking for gcc
configure:1818: found /usr/bin/gcc
configure:1828: result: gcc
configure:2072: checking for C compiler version
configure:2075: gcc --version </dev/null >&5
gcc (GCC) 3.4.6 20060404 (Red Hat 3.4.6-3)
Copyright (C) 2006 Free Software Foundation, Inc.
This is free software; see the source for copying conditions.  There is NO
warranty; not even for MERCHANTABILITY or FITNESS FOR A PARTICULAR PURPOSE.

configure:2078: $? = 0
configure:2080: gcc -v </dev/null >&5
Reading specs from /usr/lib/gcc/x86_64-redhat-linux/3.4.6/specs
Configured with: ../configure --prefix=/usr --mandir=/usr/share/man --infodir=/usr/share/info --enable-shared --enable-threads=posix --disable-checking --with-system-zlib --enable-__cxa_atexit --disable-libunwind-exceptions --enable-java-awt=gtk --host=x86_64-redhat-linux
Thread model: posix
gcc version 3.4.6 20060404 (Red Hat 3.4.6-3)
configure:2083: $? = 0
configure:2085: gcc -V </dev/null >&5
gcc: `-V' option must have argument
configure:2088: $? = 1
configure:2111: checking for C compiler default output file name
configure:2114: gcc    conftest.c  >&5
configure:2117: $? = 0
configure:2163: result: a.out
configure:2168: checking whether the C compiler works
configure:2174: ./a.out
configure:2177: $? = 0
configure:2194: result: yes
configure:2201: checking whether we are cross compiling
configure:2203: result: no
configure:2206: checking for suffix of executables
configure:2208: gcc -o conftest    conftest.c  >&5
configure:2211: $? = 0
configure:2236: result: 
configure:2242: checking for suffix of object files
configure:2263: gcc -c   conftest.c >&5
configure:2266: $? = 0
configure:2288: result: o
configure:2292: checking whether we are using the GNU C compiler
configure:2316: gcc -c   conftest.c >&5
configure:2322: $? = 0
configure:2326: test -z 
			 || test ! -s conftest.err
configure:2329: $? = 0
configure:2332: test -s conftest.o
configure:2335: $? = 0
configure:2348: result: yes
configure:2354: checking whether gcc accepts -g
configure:2375: gcc -c -g  conftest.c >&5
configure:2381: $? = 0
configure:2385: test -z 
			 || test ! -s conftest.err
configure:2388: $? = 0
configure:2391: test -s conftest.o
configure:2394: $? = 0
configure:2405: result: yes
configure:2422: checking for gcc option to accept ANSI C
configure:2492: gcc  -c -g -O2  conftest.c >&5
configure:2498: $? = 0
configure:2502: test -z 
			 || test ! -s conftest.err
configure:2505: $? = 0
configure:2508: test -s conftest.o
configure:2511: $? = 0
configure:2529: result: none needed
configure:2547: gcc -c -g -O2  conftest.c >&5
conftest.c:2: error: syntax error before "me"
configure:2553: $? = 1
configure: failed program was:
| #ifndef __cplusplus
|   choke me
| #endif
configure:2697: checking for style of include used by make
configure:2725: result: GNU
configure:2753: checking dependency style of gcc
configure:2843: result: gcc3
configure:2903: checking for ranlib
configure:2919: found /usr/bin/ranlib
configure:2930: result: ranlib
configure:2950: checking how to run the C preprocessor
configure:2985: gcc -E  conftest.c
configure:2991: $? = 0
configure:3023: gcc -E  conftest.c
conftest.c:11:28: ac_nonexistent.h: No such file or directory
configure:3029: $? = 1
configure: failed program was:
| /* confdefs.h.  */
| 
| #define PACKAGE_NAME "Infinium-Methyl"
| #define PACKAGE_TARNAME "infinium-methyl"
| #define PACKAGE_VERSION "1.0.0"
| #define PACKAGE_STRING "Infinium-Methyl 1.0.0"
| #define PACKAGE_BUGREPORT "lzhou@illumina.com"
| #define PACKAGE "infinium-methyl"
| #define VERSION "1.0.0"
| /* end confdefs.h.  */
| #include <ac_nonexistent.h>
configure:3068: result: gcc -E
configure:3092: gcc -E  conftest.c
configure:3098: $? = 0
configure:3130: gcc -E  conftest.c
conftest.c:11:28: ac_nonexistent.h: No such file or directory
configure:3136: $? = 1
configure: failed program was:
| /* confdefs.h.  */
| 
| #define PACKAGE_NAME "Infinium-Methyl"
| #define PACKAGE_TARNAME "infinium-methyl"
| #define PACKAGE_VERSION "1.0.0"
| #define PACKAGE_STRING "Infinium-Methyl 1.0.0"
| #define PACKAGE_BUGREPORT "lzhou@illumina.com"
| #define PACKAGE "infinium-methyl"
| #define VERSION "1.0.0"
| /* end confdefs.h.  */
| #include <ac_nonexistent.h>
configure:3180: checking for egrep
configure:3190: result: grep -E
configure:3195: checking for ANSI C header files
configure:3220: gcc -c -g -O2  conftest.c >&5
configure:3226: $? = 0
configure:3230: test -z 
			 || test ! -s conftest.err
configure:3233: $? = 0
configure:3236: test -s conftest.o
configure:3239: $? = 0
configure:3328: gcc -o conftest -g -O2   conftest.c  >&5
configure:3331: $? = 0
configure:3333: ./conftest
configure:3336: $? = 0
configure:3351: result: yes
configure:3375: checking for sys/types.h
configure:3391: gcc -c -g -O2  conftest.c >&5
configure:3397: $? = 0
configure:3401: test -z 
			 || test ! -s conftest.err
configure:3404: $? = 0
configure:3407: test -s conftest.o
configure:3410: $? = 0
configure:3421: result: yes
configure:3375: checking for sys/stat.h
configure:3391: gcc -c -g -O2  conftest.c >&5
configure:3397: $? = 0
configure:3401: test -z 
			 || test ! -s conftest.err
configure:3404: $? = 0
configure:3407: test -s conftest.o
configure:3410: $? = 0
configure:3421: result: yes
configure:3375: checking for stdlib.h
configure:3391: gcc -c -g -O2  conftest.c >&5
configure:3397: $? = 0
configure:3401: test -z 
			 || test ! -s conftest.err
configure:3404: $? = 0
configure:3407: test -s conftest.o
configure:3410: $? = 0
configure:3421: result: yes
configure:3375: checking for string.h
configure:3391: gcc -c -g -O2  conftest.c >&5
configure:3397: $? = 0
configure:3401: test -z 
			 || test ! -s conftest.err
configure:3404: $? = 0
configure:3407: test -s conftest.o
configure:3410: $? = 0
configure:3421: result: yes
configure:3375: checking for memory.h
configure:3391: gcc -c -g -O2  conftest.c >&5
configure:3397: $? = 0
configure:3401: test -z 
			 || test ! -s conftest.err
configure:3404: $? = 0
configure:3407: test -s conftest.o
configure:3410: $? = 0
configure:3421: result: yes
configure:3375: checking for strings.h
configure:3391: gcc -c -g -O2  conftest.c >&5
configure:3397: $? = 0
configure:3401: test -z 
			 || test ! -s conftest.err
configure:3404: $? = 0
configure:3407: test -s conftest.o
configure:3410: $? = 0
configure:3421: result: yes
configure:3375: checking for inttypes.h
configure:3391: gcc -c -g -O2  conftest.c >&5
configure:3397: $? = 0
configure:3401: test -z 
			 || test ! -s conftest.err
configure:3404: $? = 0
configure:3407: test -s conftest.o
configure:3410: $? = 0
configure:3421: result: yes
configure:3375: checking for stdint.h
configure:3391: gcc -c -g -O2  conftest.c >&5
configure:3397: $? = 0
configure:3401: test -z 
			 || test ! -s conftest.err
configure:3404: $? = 0
configure:3407: test -s conftest.o
configure:3410: $? = 0
configure:3421: result: yes
configure:3375: checking for unistd.h
configure:3391: gcc -c -g -O2  conftest.c >&5
configure:3397: $? = 0
configure:3401: test -z 
			 || test ! -s conftest.err
configure:3404: $? = 0
configure:3407: test -s conftest.o
configure:3410: $? = 0
configure:3421: result: yes
configure:3451: checking fcntl.h usability
configure:3463: gcc -c -g -O2  conftest.c >&5
configure:3469: $? = 0
configure:3473: test -z 
			 || test ! -s conftest.err
configure:3476: $? = 0
configure:3479: test -s conftest.o
configure:3482: $? = 0
configure:3492: result: yes
configure:3496: checking fcntl.h presence
configure:3506: gcc -E  conftest.c
configure:3512: $? = 0
configure:3532: result: yes
configure:3567: checking for fcntl.h
configure:3574: result: yes
configure:3442: checking for stdlib.h
configure:3447: result: yes
configure:3442: checking for string.h
configure:3447: result: yes
configure:3442: checking for strings.h
configure:3447: result: yes
configure:3442: checking for unistd.h
configure:3447: result: yes
configure:3589: checking for an ANSI C-conforming const
configure:3656: gcc -c -g -O2  conftest.c >&5
configure:3662: $? = 0
configure:3666: test -z 
			 || test ! -s conftest.err
configure:3669: $? = 0
configure:3672: test -s conftest.o
configure:3675: $? = 0
configure:3686: result: yes
configure:3696: checking for size_t
configure:3720: gcc -c -g -O2  conftest.c >&5
configure:3726: $? = 0
configure:3730: test -z 
			 || test ! -s conftest.err
configure:3733: $? = 0
configure:3736: test -s conftest.o
configure:3739: $? = 0
configure:3750: result: yes
configure:3762: checking whether struct tm is in sys/time.h or time.h
configure:3785: gcc -c -g -O2  conftest.c >&5
configure:3791: $? = 0
configure:3795: test -z 
			 || test ! -s conftest.err
configure:3798: $? = 0
configure:3801: test -s conftest.o
configure:3804: $? = 0
configure:3815: result: time.h
configure:3832: checking for stdlib.h
configure:3837: result: yes
configure:3977: checking for GNU libc compatible malloc
configure:4006: gcc -o conftest -g -O2   conftest.c  >&5
configure:4009: $? = 0
configure:4011: ./conftest
configure:4014: $? = 0
configure:4028: result: yes
configure:4063: checking for stdlib.h
configure:4068: result: yes
configure:4208: checking for GNU libc compatible realloc
configure:4237: gcc -o conftest -g -O2   conftest.c  >&5
configure:4240: $? = 0
configure:4242: ./conftest
configure:4245: $? = 0
configure:4259: result: yes
configure:4289: checking whether lstat dereferences a symlink specified with a trailing slash
configure:4320: gcc -o conftest -g -O2   conftest.c  >&5
configure:4323: $? = 0
configure:4325: ./conftest
configure:4328: $? = 0
configure:4349: result: yes
configure:4370: checking whether stat accepts an empty string
configure:4395: gcc -o conftest -g -O2   conftest.c  >&5
configure:4398: $? = 0
configure:4400: ./conftest
configure:4403: $? = 1
configure: program exited with status 1
configure: failed program was:
| /* confdefs.h.  */
| 
| #define PACKAGE_NAME "Infinium-Methyl"
| #define PACKAGE_TARNAME "infinium-methyl"
| #define PACKAGE_VERSION "1.0.0"
| #define PACKAGE_STRING "Infinium-Methyl 1.0.0"
| #define PACKAGE_BUGREPORT "lzhou@illumina.com"
| #define PACKAGE "infinium-methyl"
| #define VERSION "1.0.0"
| #define STDC_HEADERS 1
| #define HAVE_SYS_TYPES_H 1
| #define HAVE_SYS_STAT_H 1
| #define HAVE_STDLIB_H 1
| #define HAVE_STRING_H 1
| #define HAVE_MEMORY_H 1
| #define HAVE_STRINGS_H 1
| #define HAVE_INTTYPES_H 1
| #define HAVE_STDINT_H 1
| #define HAVE_UNISTD_H 1
| #define HAVE_FCNTL_H 1
| #define HAVE_STDLIB_H 1
| #define HAVE_STRING_H 1
| #define HAVE_STRINGS_H 1
| #define HAVE_UNISTD_H 1
| #define HAVE_STDLIB_H 1
| #define HAVE_MALLOC 1
| #define HAVE_STDLIB_H 1
| #define HAVE_REALLOC 1
| #define LSTAT_FOLLOWS_SLASHED_SYMLINK 1
| /* end confdefs.h.  */
| #include <stdio.h>
| #if HAVE_SYS_TYPES_H
| # include <sys/types.h>
| #endif
| #if HAVE_SYS_STAT_H
| # include <sys/stat.h>
| #endif
| #if STDC_HEADERS
| # include <stdlib.h>
| # include <stddef.h>
| #else
| # if HAVE_STDLIB_H
| #  include <stdlib.h>
| # endif
| #endif
| #if HAVE_STRING_H
| # if !STDC_HEADERS && HAVE_MEMORY_H
| #  include <memory.h>
| # endif
| # include <string.h>
| #endif
| #if HAVE_STRINGS_H
| # include <strings.h>
| #endif
| #if HAVE_INTTYPES_H
| # include <inttypes.h>
| #else
| # if HAVE_STDINT_H
| #  include <stdint.h>
| # endif
| #endif
| #if HAVE_UNISTD_H
| # include <unistd.h>
| #endif
| int
| main ()
| {
| struct stat sbuf;
|   exit (stat ("", &sbuf) ? 1 : 0);
|   ;
|   return 0;
| }
configure:4417: result: no
configure:4449: checking for gethostname
configure:4506: gcc -o conftest -g -O2   conftest.c  >&5
configure:4512: $? = 0
configure:4516: test -z 
			 || test ! -s conftest.err
configure:4519: $? = 0
configure:4522: test -s conftest
configure:4525: $? = 0
configure:4537: result: yes
configure:4449: checking for memset
configure:4506: gcc -o conftest -g -O2   conftest.c  >&5
conftest.c:56: warning: conflicting types for built-in function 'memset'
configure:4512: $? = 0
configure:4516: test -z 
			 || test ! -s conftest.err
configure:4519: $? = 0
configure:4522: test -s conftest
configure:4525: $? = 0
configure:4537: result: yes
configure:4449: checking for pow
configure:4506: gcc -o conftest -g -O2   conftest.c  >&5
conftest.c:57: warning: conflicting types for built-in function 'pow'
/tmp/cc0yBgni.o(.text+0x9): In function `main':
/usr/src/share/lzhou/infinium-methyl/build-ls102-Bret-5-16-07/conftest.c:73: undefined reference to `pow'
/tmp/cc0yBgni.o(.data+0x0): undefined reference to `pow'
collect2: ld returned 1 exit status
configure:4512: $? = 1
configure: failed program was:
| /* confdefs.h.  */
| 
| #define PACKAGE_NAME "Infinium-Methyl"
| #define PACKAGE_TARNAME "infinium-methyl"
| #define PACKAGE_VERSION "1.0.0"
| #define PACKAGE_STRING "Infinium-Methyl 1.0.0"
| #define PACKAGE_BUGREPORT "lzhou@illumina.com"
| #define PACKAGE "infinium-methyl"
| #define VERSION "1.0.0"
| #define STDC_HEADERS 1
| #define HAVE_SYS_TYPES_H 1
| #define HAVE_SYS_STAT_H 1
| #define HAVE_STDLIB_H 1
| #define HAVE_STRING_H 1
| #define HAVE_MEMORY_H 1
| #define HAVE_STRINGS_H 1
| #define HAVE_INTTYPES_H 1
| #define HAVE_STDINT_H 1
| #define HAVE_UNISTD_H 1
| #define HAVE_FCNTL_H 1
| #define HAVE_STDLIB_H 1
| #define HAVE_STRING_H 1
| #define HAVE_STRINGS_H 1
| #define HAVE_UNISTD_H 1
| #define HAVE_STDLIB_H 1
| #define HAVE_MALLOC 1
| #define HAVE_STDLIB_H 1
| #define HAVE_REALLOC 1
| #define LSTAT_FOLLOWS_SLASHED_SYMLINK 1
| #define HAVE_GETHOSTNAME 1
| #define HAVE_MEMSET 1
| /* end confdefs.h.  */
| /* Define pow to an innocuous variant, in case <limits.h> declares pow.
|    For example, HP-UX 11i <limits.h> declares gettimeofday.  */
| #define pow innocuous_pow
| 
| /* System header to define __stub macros and hopefully few prototypes,
|     which can conflict with char pow (); below.
|     Prefer <limits.h> to <assert.h> if __STDC__ is defined, since
|     <limits.h> exists even on freestanding compilers.  */
| 
| #ifdef __STDC__
| # include <limits.h>
| #else
| # include <assert.h>
| #endif
| 
| #undef pow
| 
| /* Override any gcc2 internal prototype to avoid an error.  */
| #ifdef __cplusplus
| extern "C"
| {
| #endif
| /* We use char because int might match the return type of a gcc2
|    builtin and then its argument prototype would still apply.  */
| char pow ();
| /* The GNU C library defines this for functions which it implements
|     to always fail with ENOSYS.  Some functions are actually named
|     something starting with __ and the normal name is an alias.  */
| #if defined (__stub_pow) || defined (__stub___pow)
| choke me
| #else
| char (*f) () = pow;
| #endif
| #ifdef __cplusplus
| }
| #endif
| 
| int
| main ()
| {
| return f != pow;
|   ;
|   return 0;
| }
configure:4537: result: no
configure:4449: checking for strcasecmp
configure:4506: gcc -o conftest -g -O2   conftest.c  >&5
configure:4512: $? = 0
configure:4516: test -z 
			 || test ! -s conftest.err
configure:4519: $? = 0
configure:4522: test -s conftest
configure:4525: $? = 0
configure:4537: result: yes
configure:4449: checking for strchr
configure:4506: gcc -o conftest -g -O2   conftest.c  >&5
conftest.c:58: warning: conflicting types for built-in function 'strchr'
configure:4512: $? = 0
configure:4516: test -z 
			 || test ! -s conftest.err
configure:4519: $? = 0
configure:4522: test -s conftest
configure:4525: $? = 0
configure:4537: result: yes
configure:4449: checking for strdup
configure:4506: gcc -o conftest -g -O2   conftest.c  >&5
conftest.c:59: warning: conflicting types for built-in function 'strdup'
configure:4512: $? = 0
configure:4516: test -z 
			 || test ! -s conftest.err
configure:4519: $? = 0
configure:4522: test -s conftest
configure:4525: $? = 0
configure:4537: result: yes
configure:4449: checking for strerror
configure:4506: gcc -o conftest -g -O2   conftest.c  >&5
configure:4512: $? = 0
configure:4516: test -z 
			 || test ! -s conftest.err
configure:4519: $? = 0
configure:4522: test -s conftest
configure:4525: $? = 0
configure:4537: result: yes
configure:4449: checking for strncasecmp
configure:4506: gcc -o conftest -g -O2   conftest.c  >&5
configure:4512: $? = 0
configure:4516: test -z 
			 || test ! -s conftest.err
configure:4519: $? = 0
configure:4522: test -s conftest
configure:4525: $? = 0
configure:4537: result: yes
configure:4449: checking for strndup
configure:4506: gcc -o conftest -g -O2   conftest.c  >&5
configure:4512: $? = 0
configure:4516: test -z 
			 || test ! -s conftest.err
configure:4519: $? = 0
configure:4522: test -s conftest
configure:4525: $? = 0
configure:4537: result: yes
configure:4449: checking for strstr
configure:4506: gcc -o conftest -g -O2   conftest.c  >&5
conftest.c:63: warning: conflicting types for built-in function 'strstr'
configure:4512: $? = 0
configure:4516: test -z 
			 || test ! -s conftest.err
configure:4519: $? = 0
configure:4522: test -s conftest
configure:4525: $? = 0
configure:4537: result: yes
configure:4449: checking for uname
configure:4506: gcc -o conftest -g -O2   conftest.c  >&5
configure:4512: $? = 0
configure:4516: test -z 
			 || test ! -s conftest.err
configure:4519: $? = 0
configure:4522: test -s conftest
configure:4525: $? = 0
configure:4537: result: yes
configure:4659: creating ./config.status

## ---------------------- ##
## Running config.status. ##
## ---------------------- ##

This file was extended by Infinium-Methyl config.status 1.0.0, which was
generated by GNU Autoconf 2.59.  Invocation command line was

  CONFIG_FILES    = 
  CONFIG_HEADERS  = 
  CONFIG_LINKS    = 
  CONFIG_COMMANDS = 
  $ ./config.status 

on ls102.bioinfo.illumina.com

config.status:699: creating Makefile
config.status:699: creating src/Makefile
config.status:699: creating src/lib/Makefile
config.status:699: creating src/plot/Makefile
config.status:699: creating src/probe/Makefile
config.status:699: creating test/Makefile
config.status:699: creating test/check_ectopic.c
config.status:699: creating test/check_cpg.c
config.status:699: creating test/check_cpg-utils.c
config.status:796: creating config.h
config.status:1122: executing depfiles commands

## ---------------- ##
## Cache variables. ##
## ---------------- ##

ac_cv_c_compiler_gnu=yes
ac_cv_c_const=yes
ac_cv_env_CC_set=
ac_cv_env_CC_value=
ac_cv_env_CFLAGS_set=
ac_cv_env_CFLAGS_value=
ac_cv_env_CPPFLAGS_set=
ac_cv_env_CPPFLAGS_value=
ac_cv_env_CPP_set=
ac_cv_env_CPP_value=
ac_cv_env_LDFLAGS_set=
ac_cv_env_LDFLAGS_value=
ac_cv_env_build_alias_set=
ac_cv_env_build_alias_value=
ac_cv_env_host_alias_set=
ac_cv_env_host_alias_value=
ac_cv_env_target_alias_set=
ac_cv_env_target_alias_value=
ac_cv_exeext=
ac_cv_func_gethostname=yes
ac_cv_func_lstat_dereferences_slashed_symlink=yes
ac_cv_func_malloc_0_nonnull=yes
ac_cv_func_memset=yes
ac_cv_func_pow=no
ac_cv_func_realloc_0_nonnull=yes
ac_cv_func_stat_empty_string_bug=no
ac_cv_func_strcasecmp=yes
ac_cv_func_strchr=yes
ac_cv_func_strdup=yes
ac_cv_func_strerror=yes
ac_cv_func_strncasecmp=yes
ac_cv_func_strndup=yes
ac_cv_func_strstr=yes
ac_cv_func_uname=yes
ac_cv_header_fcntl_h=yes
ac_cv_header_inttypes_h=yes
ac_cv_header_memory_h=yes
ac_cv_header_stdc=yes
ac_cv_header_stdint_h=yes
ac_cv_header_stdlib_h=yes
ac_cv_header_string_h=yes
ac_cv_header_strings_h=yes
ac_cv_header_sys_stat_h=yes
ac_cv_header_sys_types_h=yes
ac_cv_header_unistd_h=yes
ac_cv_objext=o
ac_cv_path_install='/usr/bin/install -c'
ac_cv_prog_AWK=gawk
ac_cv_prog_CPP='gcc -E'
ac_cv_prog_ac_ct_CC=gcc
ac_cv_prog_ac_ct_RANLIB=ranlib
ac_cv_prog_cc_g=yes
ac_cv_prog_cc_stdc=
ac_cv_prog_egrep='grep -E'
ac_cv_prog_make_make_set=yes
ac_cv_struct_tm=time.h
ac_cv_type_size_t=yes
am_cv_CC_dependencies_compiler_type=gcc3

## ----------------- ##
## Output variables. ##
## ----------------- ##

ACLOCAL='${SHELL} /usr/src/share/lzhou/infinium-methyl/missing --run aclocal-1.9'
AMDEPBACKSLASH='\'
AMDEP_FALSE='#'
AMDEP_TRUE=''
AMTAR='${SHELL} /usr/src/share/lzhou/infinium-methyl/missing --run tar'
AUTOCONF='${SHELL} /usr/src/share/lzhou/infinium-methyl/missing --run autoconf'
AUTOHEADER='${SHELL} /usr/src/share/lzhou/infinium-methyl/missing --run autoheader'
AUTOMAKE='${SHELL} /usr/src/share/lzhou/infinium-methyl/missing --run automake-1.9'
AWK='gawk'
CC='gcc'
CCDEPMODE='depmode=gcc3'
CFLAGS='-g -O2'
CPP='gcc -E'
CPPFLAGS=''
CYGPATH_W='echo'
DEFS='-DHAVE_CONFIG_H'
DEPDIR='.deps'
ECHO_C=''
ECHO_N='-n'
ECHO_T=''
EGREP='grep -E'
EXEEXT=''
INSTALL_DATA='${INSTALL} -m 644'
INSTALL_PROGRAM='${INSTALL}'
INSTALL_SCRIPT='${INSTALL}'
INSTALL_STRIP_PROGRAM='${SHELL} $(install_sh) -c -s'
LDFLAGS=''
LIBOBJS=''
LIBS=''
LTLIBOBJS=''
MAKEINFO='${SHELL} /usr/src/share/lzhou/infinium-methyl/missing --run makeinfo'
OBJEXT='o'
PACKAGE='infinium-methyl'
PACKAGE_BUGREPORT='lzhou@illumina.com'
PACKAGE_NAME='Infinium-Methyl'
PACKAGE_STRING='Infinium-Methyl 1.0.0'
PACKAGE_TARNAME='infinium-methyl'
PACKAGE_VERSION='1.0.0'
PATH_SEPARATOR=':'
RANLIB='ranlib'
SET_MAKE=''
SHELL='/bin/sh'
STRIP=''
VERSION='1.0.0'
ac_ct_CC='gcc'
ac_ct_RANLIB='ranlib'
ac_ct_STRIP=''
am__fastdepCC_FALSE='#'
am__fastdepCC_TRUE=''
am__include='include'
am__leading_dot='.'
am__quote=''
am__tar='${AMTAR} chof - "$$tardir"'
am__untar='${AMTAR} xf -'
bindir='${exec_prefix}/bin'
build_alias=''
datadir='${prefix}/share'
exec_prefix='${prefix}'
host_alias=''
includedir='${prefix}/include'
infodir='${prefix}/info'
install_sh='/usr/src/share/lzhou/infinium-methyl/install-sh'
libdir='${exec_prefix}/lib'
libexecdir='${exec_prefix}/libexec'
localstatedir='${prefix}/var'
mandir='${prefix}/man'
mkdir_p='mkdir -p --'
oldincludedir='/usr/include'
prefix='/usr/local'
program_transform_name='s,x,x,'
sbindir='${exec_prefix}/sbin'
sharedstatedir='${prefix}/com'
sysconfdir='${prefix}/etc'
target_alias=''

## ----------- ##
## confdefs.h. ##
## ----------- ##

#define HAVE_FCNTL_H 1
#define HAVE_GETHOSTNAME 1
#define HAVE_INTTYPES_H 1
#define HAVE_MALLOC 1
#define HAVE_MEMORY_H 1
#define HAVE_MEMSET 1
#define HAVE_REALLOC 1
#define HAVE_STDINT_H 1
#define HAVE_STDLIB_H 1
#define HAVE_STDLIB_H 1
#define HAVE_STDLIB_H 1
#define HAVE_STDLIB_H 1
#define HAVE_STRCASECMP 1
#define HAVE_STRCHR 1
#define HAVE_STRDUP 1
#define HAVE_STRERROR 1
#define HAVE_STRINGS_H 1
#define HAVE_STRINGS_H 1
#define HAVE_STRING_H 1
#define HAVE_STRING_H 1
#define HAVE_STRNCASECMP 1
#define HAVE_STRNDUP 1
#define HAVE_STRSTR 1
#define HAVE_SYS_STAT_H 1
#define HAVE_SYS_TYPES_H 1
#define HAVE_UNAME 1
#define HAVE_UNISTD_H 1
#define HAVE_UNISTD_H 1
#define LSTAT_FOLLOWS_SLASHED_SYMLINK 1
#define PACKAGE "infinium-methyl"
#define PACKAGE_BUGREPORT "lzhou@illumina.com"
#define PACKAGE_NAME "Infinium-Methyl"
#define PACKAGE_STRING "Infinium-Methyl 1.0.0"
#define PACKAGE_TARNAME "infinium-methyl"
#define PACKAGE_VERSION "1.0.0"
#define STDC_HEADERS 1
#define VERSION "1.0.0"

configure: exit 0
